{"message":"Note with id 1 not found","level":"error"}
{"message":"note with id undefined created","level":"info"}
{"message":"note with id undefined created","level":"info"}
{"message":"note with id undefined created","level":"info"}
{"message":"note with id undefined created","level":"info"}
{"message":"note with id 33 created","level":"info"}
{"message":"note with id 34 created","level":"info"}
{"message":"Note with id 34 not found","level":"error"}
{"message":"note with id 33 deleted","level":"info"}
{"message":"Note with id 33 not found","level":"error"}
{"message":"Note with id 33 not found","level":"error"}
{"message":"note with id 32 updated","level":"info"}
{"message":"folder with id 4 created","level":"info"}
{"message":"folder with id 444 not found","level":"error"}
{"message":"folder with id 4 deleted","level":"info"}
{"message":"folder with id 4 not found","level":"error"}
{"message":"folder with id 3 updated","level":"info"}
{"message":"note with id 15 deleted","level":"info"}
{"message":"note with id 16 deleted","level":"info"}
{"message":"note with id 17 deleted","level":"info"}
{"message":"note with id 31 deleted","level":"info"}
{"message":"note with id 29 deleted","level":"info"}
{"message":"folder with id 5 created","level":"info"}
{"message":"title is missing for notes post","level":"error"}
{"message":"title is missing for notes post","level":"error"}
{"message":"title is missing for notes post","level":"error"}
{"message":"folder_id is missing for notes post","level":"error"}
{"message":"note with id 35 created","level":"info"}
{"message":"note with id 36 created","level":"info"}
{"message":"note with id 37 created","level":"info"}
